<?xml version="1.0" encoding="UTF-8"?>
<!-- Generated by org.testng.reporters.JUnitReportReporter -->
<testsuite skipped="0" hostname="BTC-Mac.local" name="test.java.Create_aspsubadmin" tests="1" failures="0" timestamp="17 Jul 2018 08:12:38 GMT" time="26.313" errors="0">
  <testcase name="testHIScenario" time="26.313" classname="test.java.Create_aspsubadmin"/>
</testsuite> <!-- test.java.Create_aspsubadmin -->
