<?xml version="1.0" encoding="UTF-8"?>
<!-- Generated by org.testng.reporters.JUnitReportReporter -->
<testsuite skipped="0" hostname="BTC-Mac.local" name="demo1.NewTest" tests="1" failures="0" timestamp="26 Jun 2018 10:26:31 GMT" time="22.647" errors="0">
  <testcase name="servicerequest" time="22.647" classname="demo1.NewTest"/>
</testsuite> <!-- demo1.NewTest -->
