<?xml version="1.0" encoding="UTF-8"?>
<!-- Generated by org.testng.reporters.JUnitReportReporter -->
<testsuite hostname="BTC-Mac.local" name="demo1.SignupASP" tests="1" failures="0" timestamp="23 May 2018 06:10:48 GMT" time="59.378" errors="0">
  <testcase name="testSignupASP" time="59.378" classname="demo1.SignupASP"/>
</testsuite> <!-- demo1.SignupASP -->
