<?xml version="1.0" encoding="UTF-8"?>
<!-- Generated by org.testng.reporters.JUnitReportReporter -->
<testsuite hostname="BTC-Mac.local" name="demo1.HIsignup" tests="1" failures="0" timestamp="23 May 2018 06:14:19 GMT" time="50.343" errors="0">
  <testcase name="testSignupHI" time="50.343" classname="demo1.HIsignup"/>
</testsuite> <!-- demo1.HIsignup -->
