<?xml version="1.0" encoding="UTF-8"?>
<!-- Generated by org.testng.reporters.JUnitReportReporter -->
<testsuite hostname="BTC-Mac.local" name="demo1.Approval" tests="1" failures="0" timestamp="29 May 2018 10:02:38 GMT" time="21.563" errors="0">
  <testcase name="testApproval" time="21.563" classname="demo1.Approval"/>
</testsuite> <!-- demo1.Approval -->
